<?xml version="1.0" encoding="UTF-8"?>
<testng-results skipped="0" failed="0" total="2" passed="2">
  <reporter-output>
  </reporter-output>
  <suite name="Default suite" duration-ms="262" started-at="2011-03-28T21:22:54Z" finished-at="2011-03-28T21:22:55Z">
    <groups>
    </groups>
    <test name="Default test" duration-ms="262" started-at="2011-03-28T21:22:54Z" finished-at="2011-03-28T21:22:55Z">
      <class name="com.johncroth.util.testutil.BeanPropertiesTesterTest">
        <test-method status="PASS" signature="testTester()" name="testTester" duration-ms="71" started-at="2011-03-28T21:22:54Z" finished-at="2011-03-28T21:22:55Z">
        </test-method>
        <test-method status="PASS" signature="testUncovered()" name="testUncovered" duration-ms="43" started-at="2011-03-28T21:22:55Z" finished-at="2011-03-28T21:22:55Z">
        </test-method>
      </class>
    </test>
  </suite>
</testng-results>
